This file contains any messages produced by compilers while
running configure, to aid debugging if configure makes a mistake.

It was created by meme configure 4.12.0, which was
generated by GNU Autoconf 2.69.  Invocation command line was

  $ ./configure --prefix=/home/avelasquez/meme --with-url=http://meme-suite.org --enable-build-libxml2 --enable-build-libxslt

## --------- ##
## Platform. ##
## --------- ##

hostname = user-K56CB
uname -m = x86_64
uname -r = 4.10.0-42-generic
uname -s = Linux
uname -v = #46~16.04.1-Ubuntu SMP Mon Dec 4 15:57:59 UTC 2017

/usr/bin/uname -p = unknown
/bin/uname -X     = unknown

/bin/arch              = unknown
/usr/bin/arch -k       = unknown
/usr/convex/getsysinfo = unknown
/usr/bin/hostinfo      = unknown
/bin/machine           = unknown
/usr/bin/oslevel       = unknown
/bin/universe          = unknown

PATH: /home/avelasquez/bin
PATH: /home/avelasquez/.local/bin
PATH: /usr/local/sbin
PATH: /usr/local/bin
PATH: /usr/sbin
PATH: /usr/bin
PATH: /sbin
PATH: /bin
PATH: /usr/games
PATH: /usr/local/games
PATH: /snap/bin


## ----------- ##
## Core tests. ##
## ----------- ##

configure:2436: checking for a BSD-compatible install
configure:2504: result: /usr/bin/install -c
configure:2515: checking whether build environment is sane
configure:2570: result: yes
configure:2721: checking for a thread-safe mkdir -p
configure:2760: result: /bin/mkdir -p
configure:2767: checking for gawk
configure:2797: result: no
configure:2767: checking for mawk
configure:2783: found /usr/bin/mawk
configure:2794: result: mawk
configure:2805: checking whether make sets $(MAKE)
configure:2827: result: yes
configure:2856: checking whether make supports nested variables
configure:2873: result: yes
configure:3010: checking whether make supports nested variables
configure:3027: result: yes
configure:3089: checking for gcc
configure:3105: found /usr/bin/gcc
configure:3116: result: gcc
configure:3345: checking for C compiler version
configure:3354: gcc --version >&5
gcc (Ubuntu 5.4.0-6ubuntu1~16.04.5) 5.4.0 20160609
Copyright (C) 2015 Free Software Foundation, Inc.
This is free software; see the source for copying conditions.  There is NO
warranty; not even for MERCHANTABILITY or FITNESS FOR A PARTICULAR PURPOSE.

configure:3365: $? = 0
configure:3354: gcc -v >&5
Using built-in specs.
COLLECT_GCC=gcc
COLLECT_LTO_WRAPPER=/usr/lib/gcc/x86_64-linux-gnu/5/lto-wrapper
Target: x86_64-linux-gnu
Configured with: ../src/configure -v --with-pkgversion='Ubuntu 5.4.0-6ubuntu1~16.04.5' --with-bugurl=file:///usr/share/doc/gcc-5/README.Bugs --enable-languages=c,ada,c++,java,go,d,fortran,objc,obj-c++ --prefix=/usr --program-suffix=-5 --enable-shared --enable-linker-build-id --libexecdir=/usr/lib --without-included-gettext --enable-threads=posix --libdir=/usr/lib --enable-nls --with-sysroot=/ --enable-clocale=gnu --enable-libstdcxx-debug --enable-libstdcxx-time=yes --with-default-libstdcxx-abi=new --enable-gnu-unique-object --disable-vtable-verify --enable-libmpx --enable-plugin --with-system-zlib --disable-browser-plugin --enable-java-awt=gtk --enable-gtk-cairo --with-java-home=/usr/lib/jvm/java-1.5.0-gcj-5-amd64/jre --enable-java-home --with-jvm-root-dir=/usr/lib/jvm/java-1.5.0-gcj-5-amd64 --with-jvm-jar-dir=/usr/lib/jvm-exports/java-1.5.0-gcj-5-amd64 --with-arch-directory=amd64 --with-ecj-jar=/usr/share/java/eclipse-ecj.jar --enable-objc-gc --enable-multiarch --disable-werror --with-arch-32=i686 --with-abi=m64 --with-multilib-list=m32,m64,mx32 --enable-multilib --with-tune=generic --enable-checking=release --build=x86_64-linux-gnu --host=x86_64-linux-gnu --target=x86_64-linux-gnu
Thread model: posix
gcc version 5.4.0 20160609 (Ubuntu 5.4.0-6ubuntu1~16.04.5) 
configure:3365: $? = 0
configure:3354: gcc -V >&5
gcc: error: unrecognized command line option '-V'
gcc: fatal error: no input files
compilation terminated.
configure:3365: $? = 1
configure:3354: gcc -qversion >&5
gcc: error: unrecognized command line option '-qversion'
gcc: fatal error: no input files
compilation terminated.
configure:3365: $? = 1
configure:3385: checking whether the C compiler works
configure:3407: gcc    conftest.c  >&5
configure:3411: $? = 0
configure:3459: result: yes
configure:3462: checking for C compiler default output file name
configure:3464: result: a.out
configure:3470: checking for suffix of executables
configure:3477: gcc -o conftest    conftest.c  >&5
configure:3481: $? = 0
configure:3503: result: 
configure:3525: checking whether we are cross compiling
configure:3533: gcc -o conftest    conftest.c  >&5
configure:3537: $? = 0
configure:3544: ./conftest
configure:3548: $? = 0
configure:3563: result: no
configure:3568: checking for suffix of object files
configure:3590: gcc -c   conftest.c >&5
configure:3594: $? = 0
configure:3615: result: o
configure:3619: checking whether we are using the GNU C compiler
configure:3638: gcc -c   conftest.c >&5
configure:3638: $? = 0
configure:3647: result: yes
configure:3656: checking whether gcc accepts -g
configure:3676: gcc -c -g  conftest.c >&5
configure:3676: $? = 0
configure:3717: result: yes
configure:3734: checking for gcc option to accept ISO C89
configure:3797: gcc  -c -g -O2  conftest.c >&5
configure:3797: $? = 0
configure:3810: result: none needed
configure:3835: checking whether gcc understands -c and -o together
configure:3857: gcc -c conftest.c -o conftest2.o
configure:3860: $? = 0
configure:3857: gcc -c conftest.c -o conftest2.o
configure:3860: $? = 0
configure:3872: result: yes
configure:3900: checking for style of include used by make
configure:3928: result: GNU
configure:3954: checking dependency style of gcc
configure:4065: result: gcc3
configure:4081: checking whether gcc and cc understand -c and -o together
configure:4112: gcc -c conftest.c -o conftest2.o >&5
configure:4116: $? = 0
configure:4122: gcc -c conftest.c -o conftest2.o >&5
configure:4126: $? = 0
configure:4137: cc -c conftest.c >&5
configure:4141: $? = 0
configure:4149: cc -c conftest.c -o conftest2.o >&5
configure:4153: $? = 0
configure:4159: cc -c conftest.c -o conftest2.o >&5
configure:4163: $? = 0
configure:4181: result: yes
configure:4220: checking build system type
configure:4234: result: x86_64-unknown-linux-gnu
configure:4254: checking host system type
configure:4267: result: x86_64-unknown-linux-gnu
configure:4308: checking how to print strings
configure:4335: result: printf
configure:4356: checking for a sed that does not truncate output
configure:4420: result: /bin/sed
configure:4438: checking for grep that handles long lines and -e
configure:4496: result: /bin/grep
configure:4501: checking for egrep
configure:4563: result: /bin/grep -E
configure:4568: checking for fgrep
configure:4630: result: /bin/grep -F
configure:4665: checking for ld used by gcc
configure:4732: result: /usr/bin/ld
configure:4739: checking if the linker (/usr/bin/ld) is GNU ld
configure:4754: result: yes
configure:4766: checking for BSD- or MS-compatible name lister (nm)
configure:4820: result: /usr/bin/nm -B
configure:4950: checking the name lister (/usr/bin/nm -B) interface
configure:4957: gcc -c -g -O2  conftest.c >&5
configure:4960: /usr/bin/nm -B "conftest.o"
configure:4963: output
0000000000000000 B some_variable
configure:4970: result: BSD nm
configure:4973: checking whether ln -s works
configure:4977: result: yes
configure:4985: checking the maximum length of command line arguments
configure:5116: result: 1572864
configure:5164: checking how to convert x86_64-unknown-linux-gnu file names to x86_64-unknown-linux-gnu format
configure:5204: result: func_convert_file_noop
configure:5211: checking how to convert x86_64-unknown-linux-gnu file names to toolchain format
configure:5231: result: func_convert_file_noop
configure:5238: checking for /usr/bin/ld option to reload object files
configure:5245: result: -r
configure:5319: checking for objdump
configure:5335: found /usr/bin/objdump
configure:5346: result: objdump
configure:5378: checking how to recognize dependent libraries
configure:5578: result: pass_all
configure:5663: checking for dlltool
configure:5693: result: no
configure:5723: checking how to associate runtime and link libraries
configure:5750: result: printf %s\n
configure:5811: checking for ar
configure:5827: found /usr/bin/ar
configure:5838: result: ar
configure:5875: checking for archiver @FILE support
configure:5892: gcc -c -g -O2  conftest.c >&5
configure:5892: $? = 0
configure:5895: ar cru libconftest.a @conftest.lst >&5
ar: `u' modifier ignored since `D' is the default (see `U')
configure:5898: $? = 0
configure:5903: ar cru libconftest.a @conftest.lst >&5
ar: `u' modifier ignored since `D' is the default (see `U')
ar: conftest.o: No such file or directory
configure:5906: $? = 1
configure:5918: result: @
configure:5976: checking for strip
configure:5992: found /usr/bin/strip
configure:6003: result: strip
configure:6075: checking for ranlib
configure:6091: found /usr/bin/ranlib
configure:6102: result: ranlib
configure:6204: checking command to parse /usr/bin/nm -B output from gcc object
configure:6357: gcc -c -g -O2  conftest.c >&5
configure:6360: $? = 0
configure:6364: /usr/bin/nm -B conftest.o \| sed -n -e 's/^.*[ ]\([ABCDGIRSTW][ABCDGIRSTW]*\)[ ][ ]*\([_A-Za-z][_A-Za-z0-9]*\)$/\1 \2 \2/p' | sed '/ __gnu_lto/d' \> conftest.nm
configure:6367: $? = 0
configure:6433: gcc -o conftest -g -O2   conftest.c conftstm.o >&5
configure:6436: $? = 0
configure:6474: result: ok
configure:6521: checking for sysroot
configure:6551: result: no
configure:6558: checking for a working dd
configure:6596: result: /bin/dd
configure:6600: checking how to truncate binary pipes
configure:6615: result: /bin/dd bs=4096 count=1
configure:6751: gcc -c -g -O2  conftest.c >&5
configure:6754: $? = 0
configure:6944: checking for mt
configure:6960: found /bin/mt
configure:6971: result: mt
configure:6994: checking if mt is a manifest tool
configure:7000: mt '-?'
configure:7008: result: no
configure:7685: checking how to run the C preprocessor
configure:7716: gcc -E  conftest.c
configure:7716: $? = 0
configure:7730: gcc -E  conftest.c
conftest.c:11:28: fatal error: ac_nonexistent.h: No such file or directory
compilation terminated.
configure:7730: $? = 1
configure: failed program was:
| /* confdefs.h */
| #define PACKAGE_NAME "meme"
| #define PACKAGE_TARNAME "meme"
| #define PACKAGE_VERSION "4.12.0"
| #define PACKAGE_STRING "meme 4.12.0"
| #define PACKAGE_BUGREPORT ""
| #define PACKAGE_URL ""
| #define PACKAGE "meme"
| #define VERSION "4.12.0"
| /* end confdefs.h.  */
| #include <ac_nonexistent.h>
configure:7755: result: gcc -E
configure:7775: gcc -E  conftest.c
configure:7775: $? = 0
configure:7789: gcc -E  conftest.c
conftest.c:11:28: fatal error: ac_nonexistent.h: No such file or directory
compilation terminated.
configure:7789: $? = 1
configure: failed program was:
| /* confdefs.h */
| #define PACKAGE_NAME "meme"
| #define PACKAGE_TARNAME "meme"
| #define PACKAGE_VERSION "4.12.0"
| #define PACKAGE_STRING "meme 4.12.0"
| #define PACKAGE_BUGREPORT ""
| #define PACKAGE_URL ""
| #define PACKAGE "meme"
| #define VERSION "4.12.0"
| /* end confdefs.h.  */
| #include <ac_nonexistent.h>
configure:7818: checking for ANSI C header files
configure:7838: gcc -c -g -O2  conftest.c >&5
configure:7838: $? = 0
configure:7911: gcc -o conftest -g -O2   conftest.c  >&5
configure:7911: $? = 0
configure:7911: ./conftest
configure:7911: $? = 0
configure:7922: result: yes
configure:7935: checking for sys/types.h
configure:7935: gcc -c -g -O2  conftest.c >&5
configure:7935: $? = 0
configure:7935: result: yes
configure:7935: checking for sys/stat.h
configure:7935: gcc -c -g -O2  conftest.c >&5
configure:7935: $? = 0
configure:7935: result: yes
configure:7935: checking for stdlib.h
configure:7935: gcc -c -g -O2  conftest.c >&5
configure:7935: $? = 0
configure:7935: result: yes
configure:7935: checking for string.h
configure:7935: gcc -c -g -O2  conftest.c >&5
configure:7935: $? = 0
configure:7935: result: yes
configure:7935: checking for memory.h
configure:7935: gcc -c -g -O2  conftest.c >&5
configure:7935: $? = 0
configure:7935: result: yes
configure:7935: checking for strings.h
configure:7935: gcc -c -g -O2  conftest.c >&5
configure:7935: $? = 0
configure:7935: result: yes
configure:7935: checking for inttypes.h
configure:7935: gcc -c -g -O2  conftest.c >&5
configure:7935: $? = 0
configure:7935: result: yes
configure:7935: checking for stdint.h
configure:7935: gcc -c -g -O2  conftest.c >&5
configure:7935: $? = 0
configure:7935: result: yes
configure:7935: checking for unistd.h
configure:7935: gcc -c -g -O2  conftest.c >&5
configure:7935: $? = 0
configure:7935: result: yes
configure:7949: checking for dlfcn.h
configure:7949: gcc -c -g -O2  conftest.c >&5
configure:7949: $? = 0
configure:7949: result: yes
configure:8205: checking for objdir
configure:8220: result: .libs
configure:8484: checking if gcc supports -fno-rtti -fno-exceptions
configure:8502: gcc -c -g -O2  -fno-rtti -fno-exceptions conftest.c >&5
cc1: warning: command line option '-fno-rtti' is valid for C++/ObjC++ but not for C
configure:8506: $? = 0
configure:8519: result: no
configure:8877: checking for gcc option to produce PIC
configure:8884: result: -fPIC -DPIC
configure:8892: checking if gcc PIC flag -fPIC -DPIC works
configure:8910: gcc -c -g -O2  -fPIC -DPIC -DPIC conftest.c >&5
configure:8914: $? = 0
configure:8927: result: yes
configure:8956: checking if gcc static flag -static works
configure:8984: result: yes
configure:8999: checking if gcc supports -c -o file.o
configure:9020: gcc -c -g -O2  -o out/conftest2.o conftest.c >&5
configure:9024: $? = 0
configure:9046: result: yes
configure:9054: checking if gcc supports -c -o file.o
configure:9101: result: yes
configure:9134: checking whether the gcc linker (/usr/bin/ld -m elf_x86_64) supports shared libraries
configure:10393: result: yes
configure:10430: checking whether -lc should be explicitly linked in
configure:10438: gcc -c -g -O2  conftest.c >&5
configure:10441: $? = 0
configure:10456: gcc -shared  -fPIC -DPIC conftest.o  -v -Wl,-soname -Wl,conftest -o conftest 2\>\&1 \| /bin/grep  -lc  \>/dev/null 2\>\&1
configure:10459: $? = 0
configure:10473: result: no
configure:10633: checking dynamic linker characteristics
configure:11214: gcc -o conftest -g -O2   -Wl,-rpath -Wl,/foo conftest.c  >&5
configure:11214: $? = 0
configure:11451: result: GNU/Linux ld.so
configure:11573: checking how to hardcode library paths into programs
configure:11598: result: immediate
configure:12146: checking whether stripping libraries is possible
configure:12151: result: yes
configure:12186: checking if libtool supports shared libraries
configure:12188: result: yes
configure:12191: checking whether to build shared libraries
configure:12216: result: yes
configure:12219: checking whether to build static libraries
configure:12223: result: yes
configure:12261: checking whether make sets $(MAKE)
configure:12283: result: yes
configure:12294: checking for ld
configure:12324: result: /usr/bin/ld -m elf_x86_64
configure:12334: checking for sed
configure:12364: result: /bin/sed
configure:12374: checking for sendmail
configure:12406: result: /usr/lib/sendmail
configure:12416: checking for perl
configure:12434: found /usr/bin/perl
configure:12446: result: /usr/bin/perl
configure:12456: checking for python
configure:12474: found /usr/bin/python
configure:12486: result: /usr/bin/python
configure:12496: checking for python3
configure:12526: result: /usr/bin/python
configure:12536: checking for convert
configure:12554: found /usr/bin/convert
configure:12566: result: /usr/bin/convert
configure:12576: checking for gs
configure:12594: found /usr/bin/gs
configure:12606: result: /usr/bin/gs
configure:12616: checking for xml2-config
configure:12649: result: no
configure:12656: checking for xslt-config
configure:12689: result: no
configure:12696: checking for ant
configure:12729: result: no
configure:12742: checking for isnan, sqrt, log, exp, fabs, pow, floor, ceil in -lm
configure:12767: gcc -o conftest -g -O2   conftest.c -lm   >&5
conftest.c:31:6: warning: built-in function 'isnan' declared as non-function
 char isnan, sqrt, log, exp, fabs, pow, floor, ceil ();
      ^
conftest.c:31:13: warning: built-in function 'sqrt' declared as non-function
 char isnan, sqrt, log, exp, fabs, pow, floor, ceil ();
             ^
conftest.c:31:19: warning: built-in function 'log' declared as non-function
 char isnan, sqrt, log, exp, fabs, pow, floor, ceil ();
                   ^
conftest.c:31:24: warning: built-in function 'exp' declared as non-function
 char isnan, sqrt, log, exp, fabs, pow, floor, ceil ();
                        ^
conftest.c:31:29: warning: built-in function 'fabs' declared as non-function
 char isnan, sqrt, log, exp, fabs, pow, floor, ceil ();
                             ^
conftest.c:31:35: warning: built-in function 'pow' declared as non-function
 char isnan, sqrt, log, exp, fabs, pow, floor, ceil ();
                                   ^
conftest.c:31:40: warning: built-in function 'floor' declared as non-function
 char isnan, sqrt, log, exp, fabs, pow, floor, ceil ();
                                        ^
conftest.c:31:47: warning: conflicting types for built-in function 'ceil'
 char isnan, sqrt, log, exp, fabs, pow, floor, ceil ();
                                               ^
configure:12767: $? = 0
configure:12776: result: yes
configure:12790: checking for compress in -lz
configure:12815: gcc -o conftest -g -O2   conftest.c -lz  -lm  >&5
configure:12815: $? = 0
configure:12824: result: yes
configure:12840: checking for ANSI C header files
configure:12944: result: yes
configure:12952: checking for sys/wait.h that is POSIX.1 compatible
configure:12978: gcc -c -g -O2  conftest.c >&5
configure:12978: $? = 0
configure:12985: result: yes
configure:12996: checking arpa/inet.h usability
configure:12996: gcc -c -g -O2  conftest.c >&5
configure:12996: $? = 0
configure:12996: result: yes
configure:12996: checking arpa/inet.h presence
configure:12996: gcc -E  conftest.c
configure:12996: $? = 0
configure:12996: result: yes
configure:12996: checking for arpa/inet.h
configure:12996: result: yes
configure:12996: checking ctype.h usability
configure:12996: gcc -c -g -O2  conftest.c >&5
configure:12996: $? = 0
configure:12996: result: yes
configure:12996: checking ctype.h presence
configure:12996: gcc -E  conftest.c
configure:12996: $? = 0
configure:12996: result: yes
configure:12996: checking for ctype.h
configure:12996: result: yes
configure:12996: checking fcntl.h usability
configure:12996: gcc -c -g -O2  conftest.c >&5
configure:12996: $? = 0
configure:12996: result: yes
configure:12996: checking fcntl.h presence
configure:12996: gcc -E  conftest.c
configure:12996: $? = 0
configure:12996: result: yes
configure:12996: checking for fcntl.h
configure:12996: result: yes
configure:12996: checking limits.h usability
configure:12996: gcc -c -g -O2  conftest.c >&5
configure:12996: $? = 0
configure:12996: result: yes
configure:12996: checking limits.h presence
configure:12996: gcc -E  conftest.c
configure:12996: $? = 0
configure:12996: result: yes
configure:12996: checking for limits.h
configure:12996: result: yes
configure:12996: checking netdb.h usability
configure:12996: gcc -c -g -O2  conftest.c >&5
configure:12996: $? = 0
configure:12996: result: yes
configure:12996: checking netdb.h presence
configure:12996: gcc -E  conftest.c
configure:12996: $? = 0
configure:12996: result: yes
configure:12996: checking for netdb.h
configure:12996: result: yes
configure:12996: checking netinet/in.h usability
configure:12996: gcc -c -g -O2  conftest.c >&5
configure:12996: $? = 0
configure:12996: result: yes
configure:12996: checking netinet/in.h presence
configure:12996: gcc -E  conftest.c
configure:12996: $? = 0
configure:12996: result: yes
configure:12996: checking for netinet/in.h
configure:12996: result: yes
configure:12996: checking for stdlib.h
configure:12996: result: yes
configure:12996: checking for string.h
configure:12996: result: yes
configure:12996: checking for strings.h
configure:12996: result: yes
configure:12996: checking sys/socket.h usability
configure:12996: gcc -c -g -O2  conftest.c >&5
configure:12996: $? = 0
configure:12996: result: yes
configure:12996: checking sys/socket.h presence
configure:12996: gcc -E  conftest.c
configure:12996: $? = 0
configure:12996: result: yes
configure:12996: checking for sys/socket.h
configure:12996: result: yes
configure:12996: checking sys/time.h usability
configure:12996: gcc -c -g -O2  conftest.c >&5
configure:12996: $? = 0
configure:12996: result: yes
configure:12996: checking sys/time.h presence
configure:12996: gcc -E  conftest.c
configure:12996: $? = 0
configure:12996: result: yes
configure:12996: checking for sys/time.h
configure:12996: result: yes
configure:12996: checking for unistd.h
configure:12996: result: yes
configure:13008: checking for an ANSI C-conforming const
configure:13074: gcc -c -g -O2  conftest.c >&5
configure:13074: $? = 0
configure:13081: result: yes
configure:13089: checking for stdbool.h that conforms to C99
configure:13156: gcc -c -g -O2  conftest.c >&5
configure:13156: $? = 0
configure:13163: result: yes
configure:13165: checking for _Bool
configure:13165: gcc -c -g -O2  conftest.c >&5
configure:13165: $? = 0
configure:13165: gcc -c -g -O2  conftest.c >&5
conftest.c: In function 'main':
conftest.c:76:20: error: expected expression before ')' token
 if (sizeof ((_Bool)))
                    ^
configure:13165: $? = 1
configure: failed program was:
| /* confdefs.h */
| #define PACKAGE_NAME "meme"
| #define PACKAGE_TARNAME "meme"
| #define PACKAGE_VERSION "4.12.0"
| #define PACKAGE_STRING "meme 4.12.0"
| #define PACKAGE_BUGREPORT ""
| #define PACKAGE_URL ""
| #define PACKAGE "meme"
| #define VERSION "4.12.0"
| #define STDC_HEADERS 1
| #define HAVE_SYS_TYPES_H 1
| #define HAVE_SYS_STAT_H 1
| #define HAVE_STDLIB_H 1
| #define HAVE_STRING_H 1
| #define HAVE_MEMORY_H 1
| #define HAVE_STRINGS_H 1
| #define HAVE_INTTYPES_H 1
| #define HAVE_STDINT_H 1
| #define HAVE_UNISTD_H 1
| #define HAVE_DLFCN_H 1
| #define LT_OBJDIR ".libs/"
| #define HOSTNAME "user-K56CB"
| #define HAVE_LIBM 1
| #define HAVE_LIBZ 1
| #define STDC_HEADERS 1
| #define HAVE_SYS_WAIT_H 1
| #define HAVE_ARPA_INET_H 1
| #define HAVE_CTYPE_H 1
| #define HAVE_FCNTL_H 1
| #define HAVE_LIMITS_H 1
| #define HAVE_NETDB_H 1
| #define HAVE_NETINET_IN_H 1
| #define HAVE_STDLIB_H 1
| #define HAVE_STRING_H 1
| #define HAVE_STRINGS_H 1
| #define HAVE_SYS_SOCKET_H 1
| #define HAVE_SYS_TIME_H 1
| #define HAVE_UNISTD_H 1
| /* end confdefs.h.  */
| #include <stdio.h>
| #ifdef HAVE_SYS_TYPES_H
| # include <sys/types.h>
| #endif
| #ifdef HAVE_SYS_STAT_H
| # include <sys/stat.h>
| #endif
| #ifdef STDC_HEADERS
| # include <stdlib.h>
| # include <stddef.h>
| #else
| # ifdef HAVE_STDLIB_H
| #  include <stdlib.h>
| # endif
| #endif
| #ifdef HAVE_STRING_H
| # if !defined STDC_HEADERS && defined HAVE_MEMORY_H
| #  include <memory.h>
| # endif
| # include <string.h>
| #endif
| #ifdef HAVE_STRINGS_H
| # include <strings.h>
| #endif
| #ifdef HAVE_INTTYPES_H
| # include <inttypes.h>
| #endif
| #ifdef HAVE_STDINT_H
| # include <stdint.h>
| #endif
| #ifdef HAVE_UNISTD_H
| # include <unistd.h>
| #endif
| int
| main ()
| {
| if (sizeof ((_Bool)))
| 	    return 0;
|   ;
|   return 0;
| }
configure:13165: result: yes
configure:13182: checking for pid_t
configure:13182: gcc -c -g -O2  conftest.c >&5
configure:13182: $? = 0
configure:13182: gcc -c -g -O2  conftest.c >&5
conftest.c: In function 'main':
conftest.c:78:20: error: expected expression before ')' token
 if (sizeof ((pid_t)))
                    ^
configure:13182: $? = 1
configure: failed program was:
| /* confdefs.h */
| #define PACKAGE_NAME "meme"
| #define PACKAGE_TARNAME "meme"
| #define PACKAGE_VERSION "4.12.0"
| #define PACKAGE_STRING "meme 4.12.0"
| #define PACKAGE_BUGREPORT ""
| #define PACKAGE_URL ""
| #define PACKAGE "meme"
| #define VERSION "4.12.0"
| #define STDC_HEADERS 1
| #define HAVE_SYS_TYPES_H 1
| #define HAVE_SYS_STAT_H 1
| #define HAVE_STDLIB_H 1
| #define HAVE_STRING_H 1
| #define HAVE_MEMORY_H 1
| #define HAVE_STRINGS_H 1
| #define HAVE_INTTYPES_H 1
| #define HAVE_STDINT_H 1
| #define HAVE_UNISTD_H 1
| #define HAVE_DLFCN_H 1
| #define LT_OBJDIR ".libs/"
| #define HOSTNAME "user-K56CB"
| #define HAVE_LIBM 1
| #define HAVE_LIBZ 1
| #define STDC_HEADERS 1
| #define HAVE_SYS_WAIT_H 1
| #define HAVE_ARPA_INET_H 1
| #define HAVE_CTYPE_H 1
| #define HAVE_FCNTL_H 1
| #define HAVE_LIMITS_H 1
| #define HAVE_NETDB_H 1
| #define HAVE_NETINET_IN_H 1
| #define HAVE_STDLIB_H 1
| #define HAVE_STRING_H 1
| #define HAVE_STRINGS_H 1
| #define HAVE_SYS_SOCKET_H 1
| #define HAVE_SYS_TIME_H 1
| #define HAVE_UNISTD_H 1
| #define HAVE__BOOL 1
| #define HAVE_STDBOOL_H 1
| /* end confdefs.h.  */
| #include <stdio.h>
| #ifdef HAVE_SYS_TYPES_H
| # include <sys/types.h>
| #endif
| #ifdef HAVE_SYS_STAT_H
| # include <sys/stat.h>
| #endif
| #ifdef STDC_HEADERS
| # include <stdlib.h>
| # include <stddef.h>
| #else
| # ifdef HAVE_STDLIB_H
| #  include <stdlib.h>
| # endif
| #endif
| #ifdef HAVE_STRING_H
| # if !defined STDC_HEADERS && defined HAVE_MEMORY_H
| #  include <memory.h>
| # endif
| # include <string.h>
| #endif
| #ifdef HAVE_STRINGS_H
| # include <strings.h>
| #endif
| #ifdef HAVE_INTTYPES_H
| # include <inttypes.h>
| #endif
| #ifdef HAVE_STDINT_H
| # include <stdint.h>
| #endif
| #ifdef HAVE_UNISTD_H
| # include <unistd.h>
| #endif
| int
| main ()
| {
| if (sizeof ((pid_t)))
| 	    return 0;
|   ;
|   return 0;
| }
configure:13182: result: yes
configure:13193: checking for size_t
configure:13193: gcc -c -g -O2  conftest.c >&5
configure:13193: $? = 0
configure:13193: gcc -c -g -O2  conftest.c >&5
conftest.c: In function 'main':
conftest.c:78:21: error: expected expression before ')' token
 if (sizeof ((size_t)))
                     ^
configure:13193: $? = 1
configure: failed program was:
| /* confdefs.h */
| #define PACKAGE_NAME "meme"
| #define PACKAGE_TARNAME "meme"
| #define PACKAGE_VERSION "4.12.0"
| #define PACKAGE_STRING "meme 4.12.0"
| #define PACKAGE_BUGREPORT ""
| #define PACKAGE_URL ""
| #define PACKAGE "meme"
| #define VERSION "4.12.0"
| #define STDC_HEADERS 1
| #define HAVE_SYS_TYPES_H 1
| #define HAVE_SYS_STAT_H 1
| #define HAVE_STDLIB_H 1
| #define HAVE_STRING_H 1
| #define HAVE_MEMORY_H 1
| #define HAVE_STRINGS_H 1
| #define HAVE_INTTYPES_H 1
| #define HAVE_STDINT_H 1
| #define HAVE_UNISTD_H 1
| #define HAVE_DLFCN_H 1
| #define LT_OBJDIR ".libs/"
| #define HOSTNAME "user-K56CB"
| #define HAVE_LIBM 1
| #define HAVE_LIBZ 1
| #define STDC_HEADERS 1
| #define HAVE_SYS_WAIT_H 1
| #define HAVE_ARPA_INET_H 1
| #define HAVE_CTYPE_H 1
| #define HAVE_FCNTL_H 1
| #define HAVE_LIMITS_H 1
| #define HAVE_NETDB_H 1
| #define HAVE_NETINET_IN_H 1
| #define HAVE_STDLIB_H 1
| #define HAVE_STRING_H 1
| #define HAVE_STRINGS_H 1
| #define HAVE_SYS_SOCKET_H 1
| #define HAVE_SYS_TIME_H 1
| #define HAVE_UNISTD_H 1
| #define HAVE__BOOL 1
| #define HAVE_STDBOOL_H 1
| /* end confdefs.h.  */
| #include <stdio.h>
| #ifdef HAVE_SYS_TYPES_H
| # include <sys/types.h>
| #endif
| #ifdef HAVE_SYS_STAT_H
| # include <sys/stat.h>
| #endif
| #ifdef STDC_HEADERS
| # include <stdlib.h>
| # include <stddef.h>
| #else
| # ifdef HAVE_STDLIB_H
| #  include <stdlib.h>
| # endif
| #endif
| #ifdef HAVE_STRING_H
| # if !defined STDC_HEADERS && defined HAVE_MEMORY_H
| #  include <memory.h>
| # endif
| # include <string.h>
| #endif
| #ifdef HAVE_STRINGS_H
| # include <strings.h>
| #endif
| #ifdef HAVE_INTTYPES_H
| # include <inttypes.h>
| #endif
| #ifdef HAVE_STDINT_H
| # include <stdint.h>
| #endif
| #ifdef HAVE_UNISTD_H
| # include <unistd.h>
| #endif
| int
| main ()
| {
| if (sizeof ((size_t)))
| 	    return 0;
|   ;
|   return 0;
| }
configure:13193: result: yes
configure:13208: checking vfork.h usability
configure:13208: gcc -c -g -O2  conftest.c >&5
conftest.c:75:19: fatal error: vfork.h: No such file or directory
compilation terminated.
configure:13208: $? = 1
configure: failed program was:
| /* confdefs.h */
| #define PACKAGE_NAME "meme"
| #define PACKAGE_TARNAME "meme"
| #define PACKAGE_VERSION "4.12.0"
| #define PACKAGE_STRING "meme 4.12.0"
| #define PACKAGE_BUGREPORT ""
| #define PACKAGE_URL ""
| #define PACKAGE "meme"
| #define VERSION "4.12.0"
| #define STDC_HEADERS 1
| #define HAVE_SYS_TYPES_H 1
| #define HAVE_SYS_STAT_H 1
| #define HAVE_STDLIB_H 1
| #define HAVE_STRING_H 1
| #define HAVE_MEMORY_H 1
| #define HAVE_STRINGS_H 1
| #define HAVE_INTTYPES_H 1
| #define HAVE_STDINT_H 1
| #define HAVE_UNISTD_H 1
| #define HAVE_DLFCN_H 1
| #define LT_OBJDIR ".libs/"
| #define HOSTNAME "user-K56CB"
| #define HAVE_LIBM 1
| #define HAVE_LIBZ 1
| #define STDC_HEADERS 1
| #define HAVE_SYS_WAIT_H 1
| #define HAVE_ARPA_INET_H 1
| #define HAVE_CTYPE_H 1
| #define HAVE_FCNTL_H 1
| #define HAVE_LIMITS_H 1
| #define HAVE_NETDB_H 1
| #define HAVE_NETINET_IN_H 1
| #define HAVE_STDLIB_H 1
| #define HAVE_STRING_H 1
| #define HAVE_STRINGS_H 1
| #define HAVE_SYS_SOCKET_H 1
| #define HAVE_SYS_TIME_H 1
| #define HAVE_UNISTD_H 1
| #define HAVE__BOOL 1
| #define HAVE_STDBOOL_H 1
| /* end confdefs.h.  */
| #include <stdio.h>
| #ifdef HAVE_SYS_TYPES_H
| # include <sys/types.h>
| #endif
| #ifdef HAVE_SYS_STAT_H
| # include <sys/stat.h>
| #endif
| #ifdef STDC_HEADERS
| # include <stdlib.h>
| # include <stddef.h>
| #else
| # ifdef HAVE_STDLIB_H
| #  include <stdlib.h>
| # endif
| #endif
| #ifdef HAVE_STRING_H
| # if !defined STDC_HEADERS && defined HAVE_MEMORY_H
| #  include <memory.h>
| # endif
| # include <string.h>
| #endif
| #ifdef HAVE_STRINGS_H
| # include <strings.h>
| #endif
| #ifdef HAVE_INTTYPES_H
| # include <inttypes.h>
| #endif
| #ifdef HAVE_STDINT_H
| # include <stdint.h>
| #endif
| #ifdef HAVE_UNISTD_H
| # include <unistd.h>
| #endif
| #include <vfork.h>
configure:13208: result: no
configure:13208: checking vfork.h presence
configure:13208: gcc -E  conftest.c
conftest.c:42:19: fatal error: vfork.h: No such file or directory
compilation terminated.
configure:13208: $? = 1
configure: failed program was:
| /* confdefs.h */
| #define PACKAGE_NAME "meme"
| #define PACKAGE_TARNAME "meme"
| #define PACKAGE_VERSION "4.12.0"
| #define PACKAGE_STRING "meme 4.12.0"
| #define PACKAGE_BUGREPORT ""
| #define PACKAGE_URL ""
| #define PACKAGE "meme"
| #define VERSION "4.12.0"
| #define STDC_HEADERS 1
| #define HAVE_SYS_TYPES_H 1
| #define HAVE_SYS_STAT_H 1
| #define HAVE_STDLIB_H 1
| #define HAVE_STRING_H 1
| #define HAVE_MEMORY_H 1
| #define HAVE_STRINGS_H 1
| #define HAVE_INTTYPES_H 1
| #define HAVE_STDINT_H 1
| #define HAVE_UNISTD_H 1
| #define HAVE_DLFCN_H 1
| #define LT_OBJDIR ".libs/"
| #define HOSTNAME "user-K56CB"
| #define HAVE_LIBM 1
| #define HAVE_LIBZ 1
| #define STDC_HEADERS 1
| #define HAVE_SYS_WAIT_H 1
| #define HAVE_ARPA_INET_H 1
| #define HAVE_CTYPE_H 1
| #define HAVE_FCNTL_H 1
| #define HAVE_LIMITS_H 1
| #define HAVE_NETDB_H 1
| #define HAVE_NETINET_IN_H 1
| #define HAVE_STDLIB_H 1
| #define HAVE_STRING_H 1
| #define HAVE_STRINGS_H 1
| #define HAVE_SYS_SOCKET_H 1
| #define HAVE_SYS_TIME_H 1
| #define HAVE_UNISTD_H 1
| #define HAVE__BOOL 1
| #define HAVE_STDBOOL_H 1
| /* end confdefs.h.  */
| #include <vfork.h>
configure:13208: result: no
configure:13208: checking for vfork.h
configure:13208: result: no
configure:13221: checking for fork
configure:13221: gcc -o conftest -g -O2   conftest.c -lz -lm  >&5
conftest.c:65:6: warning: conflicting types for built-in function 'fork'
 char fork ();
      ^
configure:13221: $? = 0
configure:13221: result: yes
configure:13221: checking for vfork
configure:13221: gcc -o conftest -g -O2   conftest.c -lz -lm  >&5
configure:13221: $? = 0
configure:13221: result: yes
configure:13231: checking for working fork
configure:13253: gcc -o conftest -g -O2   conftest.c -lz -lm  >&5
configure:13253: $? = 0
configure:13253: ./conftest
configure:13253: $? = 0
configure:13263: result: yes
configure:13284: checking for working vfork
configure:13394: result: yes
configure:13421: checking for stdlib.h
configure:13421: result: yes
configure:13431: checking for GNU libc compatible malloc
configure:13455: gcc -o conftest -g -O2   conftest.c -lz -lm  >&5
configure:13455: $? = 0
configure:13455: ./conftest
configure:13455: $? = 0
configure:13465: result: yes
configure:13488: checking for stdlib.h
configure:13488: result: yes
configure:13498: checking for GNU libc compatible realloc
configure:13522: gcc -o conftest -g -O2   conftest.c -lz -lm  >&5
configure:13522: $? = 0
configure:13522: ./conftest
configure:13522: $? = 0
configure:13532: result: yes
configure:13553: checking return type of signal handlers
configure:13571: gcc -c -g -O2  conftest.c >&5
conftest.c: In function 'main':
conftest.c:56:9: error: void value not ignored as it ought to be
 return *(signal (0, 0)) (0) == 1;
         ^
configure:13571: $? = 1
configure: failed program was:
| /* confdefs.h */
| #define PACKAGE_NAME "meme"
| #define PACKAGE_TARNAME "meme"
| #define PACKAGE_VERSION "4.12.0"
| #define PACKAGE_STRING "meme 4.12.0"
| #define PACKAGE_BUGREPORT ""
| #define PACKAGE_URL ""
| #define PACKAGE "meme"
| #define VERSION "4.12.0"
| #define STDC_HEADERS 1
| #define HAVE_SYS_TYPES_H 1
| #define HAVE_SYS_STAT_H 1
| #define HAVE_STDLIB_H 1
| #define HAVE_STRING_H 1
| #define HAVE_MEMORY_H 1
| #define HAVE_STRINGS_H 1
| #define HAVE_INTTYPES_H 1
| #define HAVE_STDINT_H 1
| #define HAVE_UNISTD_H 1
| #define HAVE_DLFCN_H 1
| #define LT_OBJDIR ".libs/"
| #define HOSTNAME "user-K56CB"
| #define HAVE_LIBM 1
| #define HAVE_LIBZ 1
| #define STDC_HEADERS 1
| #define HAVE_SYS_WAIT_H 1
| #define HAVE_ARPA_INET_H 1
| #define HAVE_CTYPE_H 1
| #define HAVE_FCNTL_H 1
| #define HAVE_LIMITS_H 1
| #define HAVE_NETDB_H 1
| #define HAVE_NETINET_IN_H 1
| #define HAVE_STDLIB_H 1
| #define HAVE_STRING_H 1
| #define HAVE_STRINGS_H 1
| #define HAVE_SYS_SOCKET_H 1
| #define HAVE_SYS_TIME_H 1
| #define HAVE_UNISTD_H 1
| #define HAVE__BOOL 1
| #define HAVE_STDBOOL_H 1
| #define HAVE_FORK 1
| #define HAVE_VFORK 1
| #define HAVE_WORKING_VFORK 1
| #define HAVE_WORKING_FORK 1
| #define HAVE_STDLIB_H 1
| #define HAVE_MALLOC 1
| #define HAVE_STDLIB_H 1
| #define HAVE_REALLOC 1
| /* end confdefs.h.  */
| #include <sys/types.h>
| #include <signal.h>
| 
| int
| main ()
| {
| return *(signal (0, 0)) (0) == 1;
|   ;
|   return 0;
| }
configure:13578: result: void
configure:13586: checking whether lstat correctly handles trailing slash
configure:13612: gcc -o conftest -g -O2   conftest.c -lz -lm  >&5
configure:13612: $? = 0
configure:13612: ./conftest
configure:13612: $? = 0
configure:13629: result: yes
configure:13648: checking whether stat accepts an empty string
configure:13668: gcc -o conftest -g -O2   conftest.c -lz -lm  >&5
configure:13668: $? = 0
configure:13668: ./conftest
configure:13668: $? = 0
configure:13678: result: no
configure:13697: checking for floor
configure:13697: gcc -o conftest -g -O2   conftest.c -lz -lm  >&5
conftest.c:75:6: warning: conflicting types for built-in function 'floor'
 char floor ();
      ^
configure:13697: $? = 0
configure:13697: result: yes
configure:13697: checking for getcwd
configure:13697: gcc -o conftest -g -O2   conftest.c -lz -lm  >&5
configure:13697: $? = 0
configure:13697: result: yes
configure:13697: checking for gethostbyname
configure:13697: gcc -o conftest -g -O2   conftest.c -lz -lm  >&5
configure:13697: $? = 0
configure:13697: result: yes
configure:13697: checking for isascii
configure:13697: gcc -o conftest -g -O2   conftest.c -lz -lm  >&5
conftest.c:78:6: warning: conflicting types for built-in function 'isascii'
 char isascii ();
      ^
configure:13697: $? = 0
configure:13697: result: yes
configure:13697: checking for memset
configure:13697: gcc -o conftest -g -O2   conftest.c -lz -lm  >&5
conftest.c:79:6: warning: conflicting types for built-in function 'memset'
 char memset ();
      ^
configure:13697: $? = 0
configure:13697: result: yes
configure:13697: checking for pow
configure:13697: gcc -o conftest -g -O2   conftest.c -lz -lm  >&5
conftest.c:80:6: warning: conflicting types for built-in function 'pow'
 char pow ();
      ^
configure:13697: $? = 0
configure:13697: result: yes
configure:13697: checking for rint
configure:13697: gcc -o conftest -g -O2   conftest.c -lz -lm  >&5
conftest.c:81:6: warning: conflicting types for built-in function 'rint'
 char rint ();
      ^
configure:13697: $? = 0
configure:13697: result: yes
configure:13697: checking for socket
configure:13697: gcc -o conftest -g -O2   conftest.c -lz -lm  >&5
configure:13697: $? = 0
configure:13697: result: yes
configure:13697: checking for sqrt
configure:13697: gcc -o conftest -g -O2   conftest.c -lz -lm  >&5
conftest.c:83:6: warning: conflicting types for built-in function 'sqrt'
 char sqrt ();
      ^
configure:13697: $? = 0
configure:13697: result: yes
configure:13697: checking for strchr
configure:13697: gcc -o conftest -g -O2   conftest.c -lz -lm  >&5
conftest.c:84:6: warning: conflicting types for built-in function 'strchr'
 char strchr ();
      ^
configure:13697: $? = 0
configure:13697: result: yes
configure:13697: checking for strcspn
configure:13697: gcc -o conftest -g -O2   conftest.c -lz -lm  >&5
conftest.c:85:6: warning: conflicting types for built-in function 'strcspn'
 char strcspn ();
      ^
configure:13697: $? = 0
configure:13697: result: yes
configure:13697: checking for strdup
configure:13697: gcc -o conftest -g -O2   conftest.c -lz -lm  >&5
conftest.c:86:6: warning: conflicting types for built-in function 'strdup'
 char strdup ();
      ^
configure:13697: $? = 0
configure:13697: result: yes
configure:13697: checking for strspn
configure:13697: gcc -o conftest -g -O2   conftest.c -lz -lm  >&5
conftest.c:87:6: warning: conflicting types for built-in function 'strspn'
 char strspn ();
      ^
configure:13697: $? = 0
configure:13697: result: yes
configure:13697: checking for strstr
configure:13697: gcc -o conftest -g -O2   conftest.c -lz -lm  >&5
conftest.c:88:6: warning: conflicting types for built-in function 'strstr'
 char strstr ();
      ^
configure:13697: $? = 0
configure:13697: result: yes
configure:13708: checking for strlcpy
configure:13708: gcc -o conftest -g -O2   conftest.c -lz -lm  >&5
/tmp/ccge1k5t.o: In function `main':
/home/avelasquez/Téléchargements/meme_4.12.0/conftest.c:100: undefined reference to `strlcpy'
collect2: error: ld returned 1 exit status
configure:13708: $? = 1
configure: failed program was:
| /* confdefs.h */
| #define PACKAGE_NAME "meme"
| #define PACKAGE_TARNAME "meme"
| #define PACKAGE_VERSION "4.12.0"
| #define PACKAGE_STRING "meme 4.12.0"
| #define PACKAGE_BUGREPORT ""
| #define PACKAGE_URL ""
| #define PACKAGE "meme"
| #define VERSION "4.12.0"
| #define STDC_HEADERS 1
| #define HAVE_SYS_TYPES_H 1
| #define HAVE_SYS_STAT_H 1
| #define HAVE_STDLIB_H 1
| #define HAVE_STRING_H 1
| #define HAVE_MEMORY_H 1
| #define HAVE_STRINGS_H 1
| #define HAVE_INTTYPES_H 1
| #define HAVE_STDINT_H 1
| #define HAVE_UNISTD_H 1
| #define HAVE_DLFCN_H 1
| #define LT_OBJDIR ".libs/"
| #define HOSTNAME "user-K56CB"
| #define HAVE_LIBM 1
| #define HAVE_LIBZ 1
| #define STDC_HEADERS 1
| #define HAVE_SYS_WAIT_H 1
| #define HAVE_ARPA_INET_H 1
| #define HAVE_CTYPE_H 1
| #define HAVE_FCNTL_H 1
| #define HAVE_LIMITS_H 1
| #define HAVE_NETDB_H 1
| #define HAVE_NETINET_IN_H 1
| #define HAVE_STDLIB_H 1
| #define HAVE_STRING_H 1
| #define HAVE_STRINGS_H 1
| #define HAVE_SYS_SOCKET_H 1
| #define HAVE_SYS_TIME_H 1
| #define HAVE_UNISTD_H 1
| #define HAVE__BOOL 1
| #define HAVE_STDBOOL_H 1
| #define HAVE_FORK 1
| #define HAVE_VFORK 1
| #define HAVE_WORKING_VFORK 1
| #define HAVE_WORKING_FORK 1
| #define HAVE_STDLIB_H 1
| #define HAVE_MALLOC 1
| #define HAVE_STDLIB_H 1
| #define HAVE_REALLOC 1
| #define RETSIGTYPE void
| #define LSTAT_FOLLOWS_SLASHED_SYMLINK 1
| #define HAVE_FLOOR 1
| #define HAVE_GETCWD 1
| #define HAVE_GETHOSTBYNAME 1
| #define HAVE_ISASCII 1
| #define HAVE_MEMSET 1
| #define HAVE_POW 1
| #define HAVE_RINT 1
| #define HAVE_SOCKET 1
| #define HAVE_SQRT 1
| #define HAVE_STRCHR 1
| #define HAVE_STRCSPN 1
| #define HAVE_STRDUP 1
| #define HAVE_STRSPN 1
| #define HAVE_STRSTR 1
| /* end confdefs.h.  */
| /* Define strlcpy to an innocuous variant, in case <limits.h> declares strlcpy.
|    For example, HP-UX 11i <limits.h> declares gettimeofday.  */
| #define strlcpy innocuous_strlcpy
| 
| /* System header to define __stub macros and hopefully few prototypes,
|     which can conflict with char strlcpy (); below.
|     Prefer <limits.h> to <assert.h> if __STDC__ is defined, since
|     <limits.h> exists even on freestanding compilers.  */
| 
| #ifdef __STDC__
| # include <limits.h>
| #else
| # include <assert.h>
| #endif
| 
| #undef strlcpy
| 
| /* Override any GCC internal prototype to avoid an error.
|    Use char because int might match the return type of a GCC
|    builtin and then its argument prototype would still apply.  */
| #ifdef __cplusplus
| extern "C"
| #endif
| char strlcpy ();
| /* The GNU C library defines this for functions which it implements
|     to always fail with ENOSYS.  Some functions are actually named
|     something starting with __ and the normal name is an alias.  */
| #if defined __stub_strlcpy || defined __stub___strlcpy
| choke me
| #endif
| 
| int
| main ()
| {
| return strlcpy ();
|   ;
|   return 0;
| }
configure:13708: result: no
configure:13764: WARNING: libxml2 library not found
configure:13779: WARNING: libxslt library not found
configure:14132: checking for mpicc
configure:14165: result: no
configure:14132: checking for openmpicc
configure:14165: result: no
configure:14132: checking for mpcc
configure:14165: result: no
configure:14177: checking for mpirun
configure:14210: result: no
configure:14177: checking for openmpirun
configure:14210: result: no
configure:14557: checking for perl
configure:14587: result: /usr/bin/perl
configure:14611: checking for python
configure:14641: result: /usr/bin/python
configure:14673: checking for python3
configure:14691: found /usr/bin/python3
configure:14703: result: /usr/bin/python3
configure:14735: checking for convert
configure:14765: result: /usr/bin/convert
configure:14790: checking for gs
configure:14820: result: /usr/bin/gs
configure:15013: checking that generated files are newer than configure
configure:15019: result: done
configure:15086: creating ./config.status

## ---------------------- ##
## Running config.status. ##
## ---------------------- ##

This file was extended by meme config.status 4.12.0, which was
generated by GNU Autoconf 2.69.  Invocation command line was

  CONFIG_FILES    = 
  CONFIG_HEADERS  = 
  CONFIG_LINKS    = 
  CONFIG_COMMANDS = 
  $ ./config.status 

on user-K56CB

config.status:1258: creating Makefile
config.status:1258: creating doc/Makefile
config.status:1258: creating doc/css/Makefile
config.status:1258: creating doc/examples/Makefile
config.status:1258: creating doc/examples/compute_prior_dist_example_output_files/Makefile
config.status:1258: creating doc/examples/sample_opal_scripts/Makefile
config.status:1258: creating doc/images/Makefile
config.status:1258: creating doc/js/Makefile
config.status:1258: creating etc/Makefile
config.status:1258: creating src/filters/Makefile
config.status:1258: creating src/filters/purge/Makefile
config.status:1258: creating src/filters/dust/Makefile
config.status:1258: creating scripts/Makefile
config.status:1258: creating src/Makefile
config.status:1258: creating src/libxml2/Makefile
config.status:1258: creating src/libxml2/include/Makefile
config.status:1258: creating src/libxml2/include/libxml/Makefile
config.status:1258: creating src/libxslt/Makefile
config.status:1258: creating src/libexslt/Makefile
config.status:1258: creating src/parallel/Makefile
config.status:1258: creating tests/Makefile
config.status:1258: creating tests/ame/Makefile
config.status:1258: creating tests/centrimo/Makefile
config.status:1258: creating tests/clustalw2fasta/Makefile
config.status:1258: creating tests/common/Makefile
config.status:1258: creating tests/common/motif.crp0/Makefile
config.status:1258: creating tests/common/motif.Puf3p/Makefile
config.status:1258: creating tests/create-priors/Makefile
config.status:1258: creating tests/draw-mhmm/Makefile
config.status:1258: creating tests/dreme/Makefile
config.status:1258: creating tests/fasta-center/Makefile
config.status:1258: creating tests/fimo/Makefile
config.status:1258: creating tests/glam2/Makefile
config.status:1258: creating tests/glam2scan/Makefile
config.status:1258: creating tests/gomo/Makefile
config.status:1258: creating tests/mast/Makefile
config.status:1258: creating tests/mcast/Makefile
config.status:1258: creating tests/meme/Makefile
config.status:1258: creating tests/meme-chip/Makefile
config.status:1258: creating tests/mhmm/Makefile
config.status:1258: creating tests/mhmms/Makefile
config.status:1258: creating tests/mhmmscan/Makefile
config.status:1258: creating tests/momo/Makefile
config.status:1258: creating tests/motiph/Makefile
config.status:1258: creating tests/psp-gen/Makefile
config.status:1258: creating tests/qvalue/Makefile
config.status:1258: creating tests/scaffold/Makefile
config.status:1258: creating tests/spamo/Makefile
config.status:1258: creating tests/scripts/Makefile
config.status:1258: creating tests/tomtom/Makefile
config.status:1258: creating tests/web/Makefile
config.status:1258: creating config.h
config.status:1499: linking doc/js/simple-shared-doc.js to share/doc/js/simple-shared-doc.js
config.status:1518: executing depfiles commands
config.status:1518: executing libtool commands
configure:17334: WARNING:     
Checking Required Perl Modules:
HTML::Template missing.
JSON missing.
XML::Simple missing.
XML::Compile::SOAP11 missing. Used for downloading sequence databases from RSAT
XML::Compile::WSDL11 missing. Used for downloading sequence databases from RSAT
XML::Compile::Transport::SOAPHTTP missing. Used for downloading sequence databases from RSAT

Checking Optional Modules:
Log::Log4perl missing. Used for logging and debugging by developers.
Math::CDF missing. Only required for fasta-enriched-center script (which is not called by the web scripts).   

## ---------------- ##
## Cache variables. ##
## ---------------- ##

ac_cv_build=x86_64-unknown-linux-gnu
ac_cv_c_compiler_gnu=yes
ac_cv_c_const=yes
ac_cv_env_CC_set=
ac_cv_env_CC_value=
ac_cv_env_CFLAGS_set=
ac_cv_env_CFLAGS_value=
ac_cv_env_CPPFLAGS_set=
ac_cv_env_CPPFLAGS_value=
ac_cv_env_CPP_set=
ac_cv_env_CPP_value=
ac_cv_env_LDFLAGS_set=
ac_cv_env_LDFLAGS_value=
ac_cv_env_LIBS_set=
ac_cv_env_LIBS_value=
ac_cv_env_LT_SYS_LIBRARY_PATH_set=
ac_cv_env_LT_SYS_LIBRARY_PATH_value=
ac_cv_env_build_alias_set=
ac_cv_env_build_alias_value=
ac_cv_env_host_alias_set=
ac_cv_env_host_alias_value=
ac_cv_env_target_alias_set=
ac_cv_env_target_alias_value=
ac_cv_func_floor=yes
ac_cv_func_fork=yes
ac_cv_func_fork_works=yes
ac_cv_func_getcwd=yes
ac_cv_func_gethostbyname=yes
ac_cv_func_isascii=yes
ac_cv_func_lstat_dereferences_slashed_symlink=yes
ac_cv_func_malloc_0_nonnull=yes
ac_cv_func_memset=yes
ac_cv_func_pow=yes
ac_cv_func_realloc_0_nonnull=yes
ac_cv_func_rint=yes
ac_cv_func_socket=yes
ac_cv_func_sqrt=yes
ac_cv_func_stat_empty_string_bug=no
ac_cv_func_strchr=yes
ac_cv_func_strcspn=yes
ac_cv_func_strdup=yes
ac_cv_func_strlcpy=no
ac_cv_func_strspn=yes
ac_cv_func_strstr=yes
ac_cv_func_vfork=yes
ac_cv_func_vfork_works=yes
ac_cv_header_arpa_inet_h=yes
ac_cv_header_ctype_h=yes
ac_cv_header_dlfcn_h=yes
ac_cv_header_fcntl_h=yes
ac_cv_header_inttypes_h=yes
ac_cv_header_limits_h=yes
ac_cv_header_memory_h=yes
ac_cv_header_netdb_h=yes
ac_cv_header_netinet_in_h=yes
ac_cv_header_stdbool_h=yes
ac_cv_header_stdc=yes
ac_cv_header_stdint_h=yes
ac_cv_header_stdlib_h=yes
ac_cv_header_string_h=yes
ac_cv_header_strings_h=yes
ac_cv_header_sys_socket_h=yes
ac_cv_header_sys_stat_h=yes
ac_cv_header_sys_time_h=yes
ac_cv_header_sys_types_h=yes
ac_cv_header_sys_wait_h=yes
ac_cv_header_unistd_h=yes
ac_cv_header_vfork_h=no
ac_cv_host=x86_64-unknown-linux-gnu
ac_cv_lib_m_isnan__sqrt__log__exp__fabs__pow__floor__ceil=yes
ac_cv_lib_z_compress=yes
ac_cv_objext=o
ac_cv_path_CONVERT=/usr/bin/convert
ac_cv_path_EGREP='/bin/grep -E'
ac_cv_path_FGREP='/bin/grep -F'
ac_cv_path_GHOSTSCRIPT=/usr/bin/gs
ac_cv_path_GREP=/bin/grep
ac_cv_path_LD='/usr/bin/ld -m elf_x86_64'
ac_cv_path_PERL=/usr/bin/perl
ac_cv_path_PYTHON3=/usr/bin/python3
ac_cv_path_PYTHON=/usr/bin/python
ac_cv_path_SED=/bin/sed
ac_cv_path_SENDMAIL=/usr/lib/sendmail
ac_cv_path_install='/usr/bin/install -c'
ac_cv_path_lt_DD=/bin/dd
ac_cv_path_mkdir=/bin/mkdir
ac_cv_prog_AWK=mawk
ac_cv_prog_CPP='gcc -E'
ac_cv_prog_ac_ct_AR=ar
ac_cv_prog_ac_ct_CC=gcc
ac_cv_prog_ac_ct_MANIFEST_TOOL=mt
ac_cv_prog_ac_ct_OBJDUMP=objdump
ac_cv_prog_ac_ct_RANLIB=ranlib
ac_cv_prog_ac_ct_STRIP=strip
ac_cv_prog_cc_c89=
ac_cv_prog_cc_g=yes
ac_cv_prog_cc_gcc_c_o=yes
ac_cv_prog_make_make_set=yes
ac_cv_type__Bool=yes
ac_cv_type_pid_t=yes
ac_cv_type_signal=void
ac_cv_type_size_t=yes
am_cv_CC_dependencies_compiler_type=gcc3
am_cv_make_support_nested_variables=yes
am_cv_prog_cc_c_o=yes
lt_cv_ar_at_file=@
lt_cv_archive_cmds_need_lc=no
lt_cv_deplibs_check_method=pass_all
lt_cv_file_magic_cmd='$MAGIC_CMD'
lt_cv_file_magic_test_file=
lt_cv_ld_reload_flag=-r
lt_cv_nm_interface='BSD nm'
lt_cv_objdir=.libs
lt_cv_path_LD=/usr/bin/ld
lt_cv_path_NM='/usr/bin/nm -B'
lt_cv_path_mainfest_tool=no
lt_cv_prog_compiler_c_o=yes
lt_cv_prog_compiler_pic='-fPIC -DPIC'
lt_cv_prog_compiler_pic_works=yes
lt_cv_prog_compiler_rtti_exceptions=no
lt_cv_prog_compiler_static_works=yes
lt_cv_prog_gnu_ld=yes
lt_cv_sharedlib_from_linklib_cmd='printf %s\n'
lt_cv_shlibpath_overrides_runpath=no
lt_cv_sys_global_symbol_pipe='sed -n -e '\''s/^.*[	 ]\([ABCDGIRSTW][ABCDGIRSTW]*\)[	 ][	 ]*\([_A-Za-z][_A-Za-z0-9]*\)$/\1 \2 \2/p'\'' | sed '\''/ __gnu_lto/d'\'''
lt_cv_sys_global_symbol_to_c_name_address='sed -n -e '\''s/^: \(.*\) .*$/  {"\1", (void *) 0},/p'\'' -e '\''s/^[ABCDGIRSTW][ABCDGIRSTW]* .* \(.*\)$/  {"\1", (void *) \&\1},/p'\'''
lt_cv_sys_global_symbol_to_c_name_address_lib_prefix='sed -n -e '\''s/^: \(.*\) .*$/  {"\1", (void *) 0},/p'\'' -e '\''s/^[ABCDGIRSTW][ABCDGIRSTW]* .* \(lib.*\)$/  {"\1", (void *) \&\1},/p'\'' -e '\''s/^[ABCDGIRSTW][ABCDGIRSTW]* .* \(.*\)$/  {"lib\1", (void *) \&\1},/p'\'''
lt_cv_sys_global_symbol_to_cdecl='sed -n -e '\''s/^T .* \(.*\)$/extern int \1();/p'\'' -e '\''s/^[ABCDGIRSTW][ABCDGIRSTW]* .* \(.*\)$/extern char \1;/p'\'''
lt_cv_sys_global_symbol_to_import=
lt_cv_sys_max_cmd_len=1572864
lt_cv_to_host_file_cmd=func_convert_file_noop
lt_cv_to_tool_file_cmd=func_convert_file_noop
lt_cv_truncate_bin='/bin/dd bs=4096 count=1'

## ----------------- ##
## Output variables. ##
## ----------------- ##

ACLOCAL='${SHELL} /home/avelasquez/Téléchargements/meme_4.12.0/config/missing aclocal-1.15'
AMDEPBACKSLASH='\'
AMDEP_FALSE='#'
AMDEP_TRUE=''
AMTAR='$${TAR-tar}'
AM_BACKSLASH='\'
AM_DEFAULT_V='$(AM_DEFAULT_VERBOSITY)'
AM_DEFAULT_VERBOSITY='1'
AM_V='$(V)'
ANT=''
AR='ar'
AUTOCONF='${SHELL} /home/avelasquez/Téléchargements/meme_4.12.0/config/missing autoconf'
AUTOHEADER='${SHELL} /home/avelasquez/Téléchargements/meme_4.12.0/config/missing autoheader'
AUTOMAKE='${SHELL} /home/avelasquez/Téléchargements/meme_4.12.0/config/missing automake-1.15'
AWK='mawk'
BUILD_LIBXML2_FALSE='#'
BUILD_LIBXML2_TRUE=''
BUILD_LIBXSLT_FALSE='#'
BUILD_LIBXSLT_TRUE=''
CATALINA_HOME=''
CC='gcc'
CCDEPMODE='depmode=gcc3'
CFLAGS='-std=gnu89 -Wall -Wno-unused -DUNIX -D__USE_FIXED_PROTOTYPES__   -O3'
CONTACT=''
CONVERT='/usr/bin/convert'
CPP='gcc -E'
CPPFLAGS=''
CYGPATH_W='echo'
DEBUG_FLAGS=''
DEFS='-DHAVE_CONFIG_H'
DEPDIR='.deps'
DEV_CONTACT='meme-suite@uw.edu'
DLLTOOL='false'
DSYMUTIL=''
DUMPBIN=''
ECHO_C=''
ECHO_N='-n'
ECHO_T=''
EGREP='/bin/grep -E'
EXEEXT=''
EXPIRY='4'
FGREP='/bin/grep -F'
GHOSTSCRIPT='/usr/bin/gs'
GOSERVER_URL='http://amigo.geneontology.org/cgi-bin/amigo/term_details?term=GO_TERM_ID'
GREP='/bin/grep'
HAVE_PYTHON3_FALSE='#'
HAVE_PYTHON3_TRUE=''
HAVE_PYTHON_FALSE='#'
HAVE_PYTHON_TRUE=''
HOSTNAME='user-K56CB'
INSTALL_DATA='${INSTALL} -m 644'
INSTALL_PROGRAM='${INSTALL}'
INSTALL_SCRIPT='${INSTALL}'
INSTALL_STRIP_PROGRAM='$(install_sh) -c -s'
LAMBIN=''
LD='/usr/bin/ld -m elf_x86_64'
LDFLAGS=''
LIBEXSLT_CFLAGS='-I${top_srcdir}/src/libexslt'
LIBEXSLT_LIBS='${top_builddir}/src/libexslt/libexslt.la'
LIBOBJS=''
LIBS='-lz -lm '
LIBTOOL='$(SHELL) $(top_builddir)/libtool'
LIBXML2_CFLAGS='-I${top_srcdir}/src/libxml2/include'
LIBXML2_LIBS='${top_builddir}/src/libxml2/libxml2.la'
LIBXSLT_CFLAGS='-I${top_srcdir}/src/'
LIBXSLT_LIBS='${top_builddir}/src/libxslt/libxslt.la'
LIPO=''
LN_S='ln -s'
LTLIBOBJS=''
LT_SYS_LIBRARY_PATH=''
MACHID='linux'
MAKEINFO='${SHELL} /home/avelasquez/Téléchargements/meme_4.12.0/config/missing makeinfo'
MANIFEST_TOOL=':'
MAST_PORT=''
MAXTIME='18000'
MEME_DB='${prefix}/db'
MEME_DIRECTORY='${prefix}'
MEME_LOGS='${prefix}/LOGS'
MEME_PORT=''
MEME_TEMP=''
METAMEME_EXTERNAL_FALSE=''
METAMEME_EXTERNAL_TRUE='#'
MKDIR_P='/bin/mkdir -p'
MPICC='gcc'
MPIFLAGS=''
MPIINC=''
MPILIBDIR=''
MPIRUN=''
MPITYPE=''
MPI_CMD=''
NEWS_URL='./news.txt'
NM='/usr/bin/nm -B'
NMEDIT=''
NOTICES_URL='./notices.txt'
OBJDUMP='objdump'
OBJEXT='o'
OPAL_DEPLOY=''
OPAL_URL='no'
OPT_FLAGS='-O3'
OTOOL64=''
OTOOL=''
PACKAGE='meme'
PACKAGE_BUGREPORT=''
PACKAGE_NAME='meme'
PACKAGE_STRING='meme 4.12.0'
PACKAGE_TARNAME='meme'
PACKAGE_URL=''
PACKAGE_VERSION='4.12.0'
PARALLEL_FALSE=''
PARALLEL_IS_LAM_FALSE=''
PARALLEL_IS_LAM_TRUE='#'
PARALLEL_TRUE='#'
PATH_SEPARATOR=':'
PERL='/usr/bin/perl'
PREV_URL=''
PREV_VER=''
PYTHON3='/usr/bin/python3'
PYTHON='/usr/bin/python'
QUOTA=''
RANLIB='ranlib'
SED='/bin/sed'
SENDMAIL='/usr/lib/sendmail'
SET_MAKE=''
SHELL='/bin/bash'
STRIP='strip'
URL='http://meme-suite.org'
VERSION='4.12.0'
WANT_STRLCPY_FALSE='#'
WANT_STRLCPY_TRUE=''
WEBEITHER_FALSE=''
WEBEITHER_TRUE='#'
WEBSERVICE=''
WEBSERVICE_FALSE=''
WEBSERVICE_TRUE='#'
WEBSITE_FALSE=''
WEBSITE_TRUE='#'
XML2_CONFIG=''
XSLT_CONFIG=''
ac_ct_AR='ar'
ac_ct_CC='gcc'
ac_ct_DUMPBIN=''
am__EXEEXT_FALSE=''
am__EXEEXT_TRUE='#'
am__fastdepCC_FALSE='#'
am__fastdepCC_TRUE=''
am__include='include'
am__isrc=''
am__leading_dot='.'
am__nodep='_no'
am__quote=''
am__tar='$${TAR-tar} chof - "$$tardir"'
am__untar='$${TAR-tar} xf -'
bindir='${exec_prefix}/bin'
build='x86_64-unknown-linux-gnu'
build_alias=''
build_cpu='x86_64'
build_os='linux-gnu'
build_vendor='unknown'
datadir='${datarootdir}'
datarootdir='${prefix}/share'
docdir='${datarootdir}/doc/${PACKAGE_TARNAME}'
dvidir='${docdir}'
exec_prefix='${prefix}'
host='x86_64-unknown-linux-gnu'
host_alias=''
host_cpu='x86_64'
host_os='linux-gnu'
host_vendor='unknown'
htmldir='${docdir}'
includedir='${prefix}/include'
infodir='${datarootdir}/info'
install_sh='${SHELL} /home/avelasquez/Téléchargements/meme_4.12.0/config/install-sh'
libdir='${exec_prefix}/lib'
libexecdir='${exec_prefix}/libexec'
localedir='${datarootdir}/locale'
localstatedir='${prefix}/var'
mandir='${datarootdir}/man'
mkdir_p='$(MKDIR_P)'
oldincludedir='/usr/include'
pdfdir='${docdir}'
prefix='/home/avelasquez/meme'
program_transform_name='s,x,x,'
psdir='${docdir}'
sbindir='${exec_prefix}/sbin'
sharedstatedir='${prefix}/com'
sysconfdir='${prefix}/etc'
target_alias=''

## ----------- ##
## confdefs.h. ##
## ----------- ##

/* confdefs.h */
#define PACKAGE_NAME "meme"
#define PACKAGE_TARNAME "meme"
#define PACKAGE_VERSION "4.12.0"
#define PACKAGE_STRING "meme 4.12.0"
#define PACKAGE_BUGREPORT ""
#define PACKAGE_URL ""
#define PACKAGE "meme"
#define VERSION "4.12.0"
#define STDC_HEADERS 1
#define HAVE_SYS_TYPES_H 1
#define HAVE_SYS_STAT_H 1
#define HAVE_STDLIB_H 1
#define HAVE_STRING_H 1
#define HAVE_MEMORY_H 1
#define HAVE_STRINGS_H 1
#define HAVE_INTTYPES_H 1
#define HAVE_STDINT_H 1
#define HAVE_UNISTD_H 1
#define HAVE_DLFCN_H 1
#define LT_OBJDIR ".libs/"
#define HOSTNAME "user-K56CB"
#define HAVE_LIBM 1
#define HAVE_LIBZ 1
#define STDC_HEADERS 1
#define HAVE_SYS_WAIT_H 1
#define HAVE_ARPA_INET_H 1
#define HAVE_CTYPE_H 1
#define HAVE_FCNTL_H 1
#define HAVE_LIMITS_H 1
#define HAVE_NETDB_H 1
#define HAVE_NETINET_IN_H 1
#define HAVE_STDLIB_H 1
#define HAVE_STRING_H 1
#define HAVE_STRINGS_H 1
#define HAVE_SYS_SOCKET_H 1
#define HAVE_SYS_TIME_H 1
#define HAVE_UNISTD_H 1
#define HAVE__BOOL 1
#define HAVE_STDBOOL_H 1
#define HAVE_FORK 1
#define HAVE_VFORK 1
#define HAVE_WORKING_VFORK 1
#define HAVE_WORKING_FORK 1
#define HAVE_STDLIB_H 1
#define HAVE_MALLOC 1
#define HAVE_STDLIB_H 1
#define HAVE_REALLOC 1
#define RETSIGTYPE void
#define LSTAT_FOLLOWS_SLASHED_SYMLINK 1
#define HAVE_FLOOR 1
#define HAVE_GETCWD 1
#define HAVE_GETHOSTBYNAME 1
#define HAVE_ISASCII 1
#define HAVE_MEMSET 1
#define HAVE_POW 1
#define HAVE_RINT 1
#define HAVE_SOCKET 1
#define HAVE_SQRT 1
#define HAVE_STRCHR 1
#define HAVE_STRCSPN 1
#define HAVE_STRDUP 1
#define HAVE_STRSPN 1
#define HAVE_STRSTR 1
#define Linux /**/
#define PERL "/usr/bin/perl"
#define PYTHON "/usr/bin/python"
#define PYTHON3 "/usr/bin/python3"
#define CONVERT_PATH "/usr/bin/convert"
#define GHOSTSCRIPT_PATH "/usr/bin/gs"

configure: exit 0
